0 info it worked if it ends with ok
1 verbose cli [ '/home/ubuntu/.nvm/v0.10.35/bin/node',
1 verbose cli   '/home/ubuntu/.nvm/v0.10.35/bin/npm',
1 verbose cli   'install',
1 verbose cli   '-g',
1 verbose cli   'genetrator-angular' ]
2 info using npm@1.4.28
3 info using node@v0.10.35
4 verbose cache add [ 'genetrator-angular', null ]
5 verbose cache add name=undefined spec="genetrator-angular" args=["genetrator-angular",null]
6 verbose parsed url { protocol: null,
6 verbose parsed url   slashes: null,
6 verbose parsed url   auth: null,
6 verbose parsed url   host: null,
6 verbose parsed url   port: null,
6 verbose parsed url   hostname: null,
6 verbose parsed url   hash: null,
6 verbose parsed url   search: null,
6 verbose parsed url   query: null,
6 verbose parsed url   pathname: 'genetrator-angular',
6 verbose parsed url   path: 'genetrator-angular',
6 verbose parsed url   href: 'genetrator-angular' }
7 silly lockFile b5bec26a-genetrator-angular genetrator-angular
8 verbose lock genetrator-angular /home/ubuntu/.npm/b5bec26a-genetrator-angular.lock
9 silly lockFile b5bec26a-genetrator-angular genetrator-angular
10 silly lockFile b5bec26a-genetrator-angular genetrator-angular
11 verbose addNamed [ 'genetrator-angular', '' ]
12 verbose addNamed [ null, '*' ]
13 silly lockFile 8bf255b2-genetrator-angular genetrator-angular@
14 verbose lock genetrator-angular@ /home/ubuntu/.npm/8bf255b2-genetrator-angular.lock
15 silly addNameRange { name: 'genetrator-angular', range: '*', hasData: false }
16 verbose request where is /genetrator-angular
17 verbose request registry https://registry.npmjs.org/
18 verbose request id 1c6f3bf4ba23ae02
19 verbose url raw /genetrator-angular
20 verbose url resolving [ 'https://registry.npmjs.org/', './genetrator-angular' ]
21 verbose url resolved https://registry.npmjs.org/genetrator-angular
22 verbose request where is https://registry.npmjs.org/genetrator-angular
23 info trying registry request attempt 1 at 09:40:55
24 http GET https://registry.npmjs.org/genetrator-angular
25 http 404 https://registry.npmjs.org/genetrator-angular
26 verbose headers { server: 'CouchDB/1.5.0 (Erlang OTP/R16B03)',
26 verbose headers   'content-type': 'application/json',
26 verbose headers   'cache-control': 'max-age=0',
26 verbose headers   'content-length': '51',
26 verbose headers   'accept-ranges': 'bytes',
26 verbose headers   date: 'Fri, 08 May 2015 09:40:56 GMT',
26 verbose headers   via: '1.1 varnish',
26 verbose headers   age: '0',
26 verbose headers   connection: 'keep-alive',
26 verbose headers   'x-served-by': 'cache-lcy1124-LCY',
26 verbose headers   'x-cache': 'MISS',
26 verbose headers   'x-cache-hits': '0',
26 verbose headers   'x-timer': 'S1431078056.145992,VS0,VE636' }
27 silly registry.get cb [ 404,
27 silly registry.get   { server: 'CouchDB/1.5.0 (Erlang OTP/R16B03)',
27 silly registry.get     'content-type': 'application/json',
27 silly registry.get     'cache-control': 'max-age=0',
27 silly registry.get     'content-length': '51',
27 silly registry.get     'accept-ranges': 'bytes',
27 silly registry.get     date: 'Fri, 08 May 2015 09:40:56 GMT',
27 silly registry.get     via: '1.1 varnish',
27 silly registry.get     age: '0',
27 silly registry.get     connection: 'keep-alive',
27 silly registry.get     'x-served-by': 'cache-lcy1124-LCY',
27 silly registry.get     'x-cache': 'MISS',
27 silly registry.get     'x-cache-hits': '0',
27 silly registry.get     'x-timer': 'S1431078056.145992,VS0,VE636' } ]
28 silly lockFile 8bf255b2-genetrator-angular genetrator-angular@
29 silly lockFile 8bf255b2-genetrator-angular genetrator-angular@
30 error 404 404 Not Found: genetrator-angular
30 error 404
30 error 404 'genetrator-angular' is not in the npm registry.
30 error 404 You should bug the author to publish it
30 error 404
30 error 404 Note that you can also install from a
30 error 404 tarball, folder, or http url, or git url.
31 error System Linux 3.14.13-c9
32 error command "/home/ubuntu/.nvm/v0.10.35/bin/node" "/home/ubuntu/.nvm/v0.10.35/bin/npm" "install" "-g" "genetrator-angular"
33 error cwd /home/ubuntu/workspace/public
34 error node -v v0.10.35
35 error npm -v 1.4.28
36 error code E404
37 verbose exit [ 1, true ]
